SF:lib/bloc/audio_player/audio_player_bloc.dart
DA:19,1
DA:21,1
DA:22,2
DA:23,2
DA:24,2
DA:25,2
DA:26,2
DA:27,2
DA:28,2
DA:29,2
DA:30,2
DA:31,2
DA:32,2
DA:33,2
DA:34,2
DA:35,2
DA:37,1
DA:41,1
DA:42,1
DA:43,3
DA:45,0
DA:49,1
DA:50,3
DA:51,0
DA:54,1
DA:55,3
DA:56,0
DA:59,1
DA:60,3
DA:62,0
DA:69,0
DA:75,1
DA:78,3
DA:81,1
DA:82,0
DA:83,0
DA:84,0
DA:88,3
DA:91,2
DA:92,1
DA:93,1
DA:94,1
DA:96,1
DA:99,4
DA:100,1
DA:105,1
DA:108,2
DA:110,2
DA:111,1
DA:112,2
DA:113,1
DA:114,1
DA:115,1
DA:116,1
DA:117,1
DA:121,0
DA:126,1
DA:129,2
DA:131,2
DA:132,1
DA:133,2
DA:134,1
DA:135,1
DA:136,1
DA:137,1
DA:138,1
DA:142,0
DA:147,1
DA:150,2
DA:151,1
DA:153,0
DA:158,1
DA:161,3
DA:163,2
DA:164,1
DA:165,2
DA:166,1
DA:167,1
DA:168,1
DA:169,1
DA:170,1
DA:172,0
DA:173,0
DA:174,0
DA:175,0
DA:176,0
DA:177,0
DA:178,0
DA:179,0
DA:183,4
DA:188,1
DA:191,2
DA:193,0
DA:198,1
DA:201,2
DA:203,0
DA:208,1
DA:211,3
DA:213,0
DA:218,1
DA:221,3
DA:223,0
DA:228,1
DA:231,3
DA:233,0
DA:238,1
DA:240,1
DA:241,1
DA:242,2
DA:243,1
DA:244,1
DA:245,1
DA:246,1
DA:247,1
DA:248,1
DA:254,1
DA:258,1
DA:260,2
DA:261,2
DA:262,1
DA:263,1
DA:267,2
DA:268,0
DA:269,0
DA:271,0
DA:273,0
DA:274,0
DA:275,0
DA:276,0
DA:279,0
DA:283,0
DA:288,1
DA:291,1
DA:292,1
DA:293,1
DA:294,1
DA:296,0
DA:301,1
DA:303,2
DA:304,2
DA:305,1
DA:306,1
DA:310,1
DA:312,2
DA:313,2
DA:314,2
DA:315,2
DA:316,2
DA:317,2
DA:318,1
LF:150
LH:116
end_of_record
SF:lib/bloc/audio_player/audio_player_state.dart
DA:4,3
DA:6,1
DA:7,1
DA:12,3
DA:19,1
DA:21,1
DA:22,2
DA:34,1
DA:43,1
DA:45,7
DA:56,1
DA:64,1
DA:65,6
DA:72,0
DA:74,0
DA:75,0
DA:83,1
DA:85,1
DA:86,3
DA:94,0
DA:99,0
DA:100,0
DA:105,3
DA:113,1
DA:118,1
DA:119,3
DA:124,3
LF:27
LH:21
end_of_record
SF:lib/bloc/history/history_bloc.dart
DA:10,0
DA:12,0
DA:13,0
DA:14,0
DA:15,0
DA:19,0
DA:24,0
DA:27,0
DA:29,0
DA:30,0
DA:34,0
DA:35,0
DA:36,0
DA:37,0
DA:38,0
DA:39,0
DA:41,0
DA:43,0
DA:46,0
DA:51,0
DA:57,0
DA:58,0
DA:62,0
DA:63,0
DA:64,0
DA:65,0
DA:66,0
DA:67,0
DA:71,0
DA:72,0
DA:75,0
DA:80,0
DA:87,0
DA:89,0
LF:34
LH:0
end_of_record
SF:lib/bloc/liked_songs/liked_songs_bloc.dart
DA:10,1
DA:12,1
DA:13,2
DA:14,2
DA:15,2
DA:16,2
DA:17,2
DA:20,1
DA:24,1
DA:26,2
DA:28,1
DA:29,1
DA:33,2
DA:34,4
DA:37,2
DA:43,3
DA:47,1
DA:52,4
DA:54,1
DA:55,1
DA:56,2
DA:57,2
DA:59,2
DA:60,6
DA:62,2
DA:68,0
DA:71,0
DA:75,1
DA:80,3
DA:82,1
DA:83,1
DA:84,2
DA:85,1
DA:86,1
DA:87,4
DA:88,4
DA:91,2
DA:92,6
DA:94,1
DA:95,1
DA:97,0
DA:104,0
DA:108,0
DA:113,0
DA:116,0
DA:118,0
DA:121,0
DA:125,1
DA:131,1
DA:133,0
LF:50
LH:40
end_of_record
SF:lib/bloc/lyrics/lyrics_bloc.dart
DA:9,1
DA:11,1
DA:12,2
DA:13,2
DA:14,2
DA:18,1
DA:23,1
DA:26,2
DA:27,1
DA:28,1
DA:32,2
DA:33,1
DA:34,1
DA:39,2
DA:42,4
DA:45,2
DA:46,4
DA:47,1
DA:52,1
DA:56,2
DA:58,1
DA:59,3
DA:61,2
DA:62,1
DA:68,1
DA:72,1
LF:26
LH:26
end_of_record
SF:lib/bloc/queue/queue_bloc.dart
DA:7,2
DA:8,2
DA:9,2
DA:10,2
DA:11,2
DA:12,2
DA:13,2
DA:14,2
DA:17,1
DA:21,2
DA:22,1
DA:24,2
DA:25,1
DA:26,1
DA:31,1
DA:35,1
DA:36,1
DA:37,2
DA:38,6
DA:39,2
DA:41,3
DA:44,2
DA:48,1
DA:52,1
DA:53,1
DA:54,6
DA:55,2
DA:56,2
DA:58,1
DA:59,1
DA:61,2
DA:67,1
DA:71,1
DA:72,1
DA:73,2
DA:74,2
DA:75,2
DA:77,2
DA:81,1
DA:85,1
DA:86,1
DA:87,3
DA:91,1
DA:95,1
DA:96,1
DA:97,2
DA:98,2
DA:102,1
DA:106,1
DA:110,1
DA:112,1
DA:114,1
DA:116,1
LF:53
LH:53
end_of_record
SF:lib/bloc/search/search_bloc.dart
DA:23,1
DA:25,1
DA:26,2
DA:27,2
DA:31,1
DA:34,2
DA:37,3
DA:38,2
DA:42,3
DA:43,1
DA:47,1
DA:48,1
DA:51,3
DA:52,1
DA:53,1
DA:57,1
DA:59,1
DA:64,1
DA:68,2
DA:72,1
DA:74,1
DA:75,1
DA:79,1
DA:81,2
DA:84,2
DA:90,1
DA:91,0
DA:96,1
DA:99,1
DA:102,1
DA:105,1
DA:108,1
DA:109,1
DA:110,1
DA:111,1
DA:112,2
DA:116,2
DA:124,2
DA:125,4
DA:130,1
DA:131,1
DA:134,3
DA:135,2
DA:137,2
DA:140,1
DA:142,1
DA:143,3
DA:144,1
DA:146,2
DA:147,1
DA:148,1
DA:151,0
DA:157,0
DA:164,1
DA:165,1
DA:168,3
DA:169,2
DA:171,2
DA:174,2
DA:177,1
DA:178,0
DA:179,0
DA:182,2
DA:184,1
DA:187,0
DA:193,0
DA:200,1
DA:201,1
DA:204,3
DA:205,2
DA:207,2
DA:210,2
DA:213,1
DA:214,0
DA:215,0
DA:218,2
DA:220,1
DA:221,1
DA:222,1
DA:224,2
DA:226,1
DA:227,1
DA:228,1
DA:231,1
DA:234,0
DA:240,0
DA:247,1
DA:248,1
DA:251,3
DA:252,2
DA:254,1
DA:257,0
DA:261,0
DA:262,0
DA:263,0
DA:266,0
DA:268,0
DA:271,0
DA:277,0
DA:283,1
DA:285,2
DA:286,3
DA:287,0
DA:289,1
LF:104
LH:84
end_of_record
SF:lib/bloc/stats/stats_bloc.dart
DA:10,1
DA:12,1
DA:13,2
DA:14,2
DA:18,1
DA:23,3
DA:26,3
DA:29,3
DA:33,2
DA:35,1
DA:38,2
DA:39,4
DA:40,1
DA:45,1
DA:50,3
DA:53,3
DA:56,0
DA:60,2
DA:62,1
DA:65,0
DA:66,0
DA:67,0
LF:22
LH:18
end_of_record
SF:lib/bloc/theme/theme_bloc.dart
DA:13,1
DA:15,2
DA:16,1
DA:20,2
DA:21,2
DA:24,1
DA:28,1
DA:32,2
DA:33,1
DA:34,1
DA:36,1
DA:38,2
DA:39,2
DA:47,1
DA:51,2
DA:53,1
DA:55,2
DA:56,2
DA:57,1
DA:63,1
DA:65,2
DA:66,1
DA:68,2
DA:70,0
DA:75,1
DA:77,2
DA:82,0
DA:87,1
DA:88,1
DA:113,1
DA:114,1
LF:31
LH:29
end_of_record
SF:lib/main.dart
DA:22,0
DA:23,0
DA:26,0
DA:29,0
DA:30,0
DA:33,0
DA:37,0
DA:38,0
DA:47,0
DA:51,3
DA:53,1
DA:55,1
DA:56,1
DA:57,1
DA:58,0
DA:60,1
DA:61,0
DA:63,1
DA:64,0
DA:66,1
DA:67,0
DA:69,1
DA:70,0
DA:72,1
DA:73,0
DA:75,1
DA:76,0
DA:78,1
DA:79,0
DA:82,1
DA:84,1
DA:88,1
DA:89,1
DA:90,0
DA:93,0
DA:96,0
DA:97,0
DA:98,0
DA:99,0
DA:100,0
DA:101,0
DA:110,1
DA:111,2
DA:114,1
DA:115,0
LF:45
LH:19
end_of_record
SF:lib/services/spotify_auth_service.dart
DA:13,1
DA:16,2
DA:17,2
DA:18,1
DA:19,4
DA:23,1
DA:25,2
DA:28,2
DA:29,1
DA:30,3
DA:32,1
DA:33,1
DA:35,1
DA:43,1
DA:44,6
DA:45,1
DA:47,2
DA:51,1
DA:53,2
DA:54,1
DA:55,1
DA:58,1
DA:59,1
DA:60,1
DA:64,2
DA:65,1
DA:66,2
DA:67,2
DA:68,1
DA:69,4
DA:70,3
DA:72,1
DA:73,2
DA:76,2
DA:81,1
DA:82,1
DA:83,1
DA:87,2
DA:88,1
DA:89,1
DA:91,1
DA:92,1
DA:96,2
DA:97,1
DA:98,2
DA:99,1
DA:100,4
DA:101,3
DA:104,1
DA:105,2
DA:108,3
DA:111,2
DA:116,1
DA:117,1
DA:118,1
DA:119,1
DA:120,2
DA:124,1
DA:125,1
DA:126,1
DA:127,1
DA:129,1
DA:135,1
DA:138,2
DA:139,1
DA:140,2
DA:141,5
DA:143,1
LF:68
LH:68
end_of_record
SF:lib/core/config/env_config.dart
DA:5,1
DA:6,0
DA:7,1
DA:8,0
DA:9,1
DA:10,0
DA:11,0
DA:12,0
DA:13,0
DA:14,0
DA:15,0
DA:16,0
DA:19,1
DA:20,2
DA:22,1
DA:23,3
DA:24,1
DA:25,3
DA:26,1
DA:27,3
DA:28,4
DA:29,4
DA:30,5
DA:31,1
DA:32,4
DA:33,1
DA:34,4
DA:35,5
DA:36,5
DA:37,5
DA:38,4
DA:42,0
DA:43,0
DA:44,0
LF:34
LH:22
end_of_record
SF:lib/core/constants/spotify_constants.dart
DA:4,3
DA:5,0
DA:6,3
DA:7,4
DA:8,4
DA:9,0
LF:6
LH:4
end_of_record
SF:lib/core/network/http_client.dart
DA:7,0
DA:16,0
DA:18,0
DA:19,0
DA:20,0
DA:23,0
DA:24,0
DA:25,0
DA:27,0
DA:28,0
DA:30,0
DA:32,0
DA:34,0
DA:35,0
DA:38,0
DA:41,0
DA:45,0
DA:46,0
DA:48,0
DA:50,0
DA:51,0
DA:52,0
DA:54,0
DA:61,0
DA:62,0
DA:66,0
DA:67,0
DA:71,0
DA:72,0
DA:73,0
DA:74,0
DA:75,0
DA:76,0
DA:77,0
DA:82,0
DA:88,0
DA:91,0
DA:99,0
DA:106,0
DA:110,0
DA:118,0
DA:125,0
DA:129,0
DA:137,0
DA:143,0
DA:146,0
LF:46
LH:0
end_of_record
SF:lib/DI/service_locator.dart
DA:35,3
DA:37,0
DA:39,0
DA:42,0
DA:43,0
DA:45,0
DA:46,0
DA:47,0
DA:48,0
DA:53,0
DA:54,0
DA:58,0
DA:61,0
DA:62,0
DA:63,0
DA:65,0
DA:66,0
DA:70,0
DA:73,0
DA:74,0
DA:78,0
DA:79,0
DA:83,0
DA:84,0
DA:88,0
DA:89,0
DA:93,0
DA:94,0
DA:98,0
DA:99,0
DA:101,0
DA:102,0
DA:106,0
DA:107,0
DA:109,0
DA:110,0
DA:115,0
DA:116,0
DA:118,0
DA:119,0
DA:121,0
DA:122,0
DA:124,0
DA:127,0
DA:128,0
DA:129,0
DA:132,0
DA:133,0
DA:134,0
DA:137,0
DA:138,0
DA:139,0
DA:142,0
LF:53
LH:1
end_of_record
SF:lib/bloc/home/home_bloc.dart
DA:7,3
DA:9,0
DA:10,0
DA:14,3
DA:18,0
DA:22,4
DA:24,1
DA:25,1
DA:29,3
DA:33,3
DA:41,1
DA:47,1
DA:48,4
DA:54,1
DA:56,1
DA:57,2
DA:64,1
DA:66,1
DA:67,2
DA:68,2
DA:71,1
DA:75,1
DA:78,2
DA:79,2
DA:80,2
DA:81,2
DA:84,1
DA:85,1
DA:86,1
DA:88,2
DA:94,4
DA:98,1
DA:103,1
LF:33
LH:30
end_of_record
SF:lib/data/datasource/album_datasource.dart
DA:12,0
DA:14,0
DA:15,0
DA:19,0
DA:20,0
DA:21,0
DA:22,0
DA:24,0
DA:25,0
DA:26,0
DA:27,0
DA:28,0
DA:29,0
DA:30,0
DA:31,0
DA:32,0
DA:34,0
DA:35,0
DA:36,0
DA:37,0
DA:38,0
DA:40,0
DA:41,0
DA:42,0
DA:43,0
DA:44,0
DA:45,0
DA:47,0
DA:48,0
DA:49,0
DA:50,0
DA:52,0
DA:54,0
DA:55,0
DA:56,0
DA:57,0
DA:59,0
DA:60,0
DA:61,0
DA:62,0
DA:63,0
DA:65,0
DA:66,0
DA:68,0
DA:70,0
DA:72,0
DA:74,0
DA:75,0
DA:76,0
DA:77,0
DA:81,0
DA:87,0
DA:88,0
DA:92,0
DA:93,0
DA:94,0
DA:95,0
DA:96,0
DA:97,0
DA:98,0
DA:99,0
DA:100,0
DA:101,0
DA:102,0
DA:103,0
DA:104,0
DA:105,0
DA:107,0
DA:108,0
DA:110,0
DA:111,0
DA:112,0
DA:114,0
DA:115,0
DA:116,0
DA:118,0
DA:120,0
DA:122,0
DA:124,0
DA:126,0
DA:128,0
DA:130,0
DA:131,0
DA:133,0
DA:135,0
DA:137,0
DA:138,0
DA:140,0
DA:142,0
DA:144,0
DA:146,0
DA:148,0
DA:153,0
DA:159,0
DA:160,0
DA:164,0
DA:165,0
DA:166,0
DA:167,0
DA:168,0
DA:169,0
DA:170,0
DA:171,0
DA:172,0
DA:173,0
DA:174,0
DA:175,0
DA:176,0
DA:177,0
DA:178,0
DA:179,0
DA:180,0
DA:181,0
DA:182,0
DA:183,0
DA:184,0
DA:185,0
DA:186,0
DA:187,0
DA:188,0
DA:189,0
DA:190,0
DA:191,0
DA:192,0
DA:193,0
DA:194,0
DA:195,0
DA:196,0
DA:197,0
DA:198,0
DA:202,0
DA:208,0
DA:209,0
DA:213,0
DA:214,0
DA:215,0
DA:216,0
DA:217,0
DA:218,0
DA:219,0
DA:220,0
DA:221,0
DA:222,0
DA:223,0
DA:224,0
DA:225,0
DA:226,0
DA:227,0
DA:228,0
DA:229,0
DA:230,0
DA:231,0
DA:232,0
DA:233,0
DA:234,0
DA:235,0
DA:236,0
DA:238,0
DA:239,0
DA:240,0
DA:241,0
DA:242,0
DA:243,0
DA:244,0
DA:248,0
DA:255,0
LF:166
LH:0
end_of_record
SF:lib/data/datasource/artist_datasource.dart
DA:8,0
DA:10,0
DA:11,0
DA:15,0
DA:19,0
DA:23,0
DA:27,0
DA:31,0
DA:35,0
DA:39,0
DA:43,0
DA:47,0
DA:51,0
DA:55,0
DA:59,0
DA:63,0
DA:67,0
DA:71,0
DA:75,0
DA:79,0
DA:83,0
DA:87,0
DA:91,0
DA:95,0
DA:99,0
DA:103,0
DA:107,0
LF:27
LH:0
end_of_record
SF:lib/data/datasource/playlist_datasource.dart
DA:9,0
DA:11,0
DA:12,0
DA:14,0
DA:15,0
DA:16,0
DA:18,0
DA:19,0
DA:21,0
DA:23,0
DA:25,0
DA:27,0
DA:31,0
DA:33,0
DA:35,0
DA:37,0
DA:38,0
DA:39,0
DA:43,0
DA:47,0
DA:48,0
DA:50,0
DA:51,0
DA:53,0
DA:54,0
DA:56,0
DA:58,0
DA:60,0
DA:62,0
DA:64,0
DA:66,0
DA:68,0
DA:70,0
DA:72,0
DA:74,0
DA:75,0
DA:76,0
DA:80,0
DA:81,0
DA:83,0
DA:84,0
DA:86,0
DA:87,0
DA:88,0
DA:90,0
DA:91,0
DA:93,0
DA:95,0
DA:96,0
DA:97,0
DA:98,0
DA:100,0
DA:101,0
DA:103,0
DA:106,0
DA:107,0
DA:109,0
DA:110,0
DA:111,0
DA:113,0
DA:117,0
DA:119,0
DA:121,0
DA:122,0
DA:123,0
DA:124,0
DA:125,0
DA:126,0
DA:127,0
DA:128,0
DA:129,0
DA:130,0
DA:135,0
DA:137,0
LF:74
LH:0
end_of_record
SF:lib/data/datasource/podcast_datasource.dart
DA:8,0
DA:10,0
DA:11,0
DA:15,0
DA:19,0
DA:23,0
DA:27,0
DA:31,0
DA:35,0
DA:39,0
DA:43,0
DA:47,0
DA:51,0
DA:55,0
DA:59,0
DA:63,0
DA:67,0
LF:17
LH:0
end_of_record
SF:lib/data/datasource/spotify_album_datasource.dart
DA:10,0
DA:13,0
DA:17,0
DA:19,0
DA:20,0
DA:21,0
DA:24,0
DA:25,0
DA:26,0
DA:29,0
DA:30,0
DA:31,0
DA:32,0
DA:36,0
DA:41,0
DA:42,0
DA:46,0
DA:47,0
DA:48,0
DA:49,0
DA:50,0
DA:53,0
DA:54,0
DA:57,0
DA:58,0
DA:63,0
DA:64,0
DA:67,0
LF:28
LH:0
end_of_record
SF:lib/data/datasource/spotify_artist_datasource.dart
DA:9,0
DA:12,0
DA:16,0
DA:20,0
DA:21,0
DA:22,0
DA:25,0
DA:26,0
DA:27,0
DA:29,0
DA:30,0
DA:31,0
DA:32,0
DA:33,0
DA:40,0
DA:42,0
LF:16
LH:0
end_of_record
SF:lib/data/datasource/spotify_playlist_datasource.dart
DA:10,0
DA:13,0
DA:17,0
DA:19,0
DA:20,0
DA:22,0
DA:23,0
DA:24,0
DA:26,0
DA:29,0
DA:31,0
DA:36,0
DA:38,0
DA:40,0
DA:41,0
DA:44,0
DA:46,0
DA:51,0
DA:52,0
DA:53,0
DA:56,0
DA:57,0
DA:60,0
DA:63,0
DA:66,0
DA:67,0
DA:68,0
DA:69,0
DA:72,0
DA:73,0
DA:74,0
DA:77,0
DA:78,0
DA:81,0
DA:82,0
DA:83,0
DA:85,0
LF:37
LH:0
end_of_record
SF:lib/data/repository/album_repository.dart
DA:11,0
DA:13,0
LF:2
LH:0
end_of_record
SF:lib/data/repository/artist_repository.dart
DA:11,0
DA:13,0
LF:2
LH:0
end_of_record
SF:lib/data/repository/playlist_repository.dart
DA:11,0
DA:13,0
LF:2
LH:0
end_of_record
SF:lib/data/repository/podcast_repository.dart
DA:11,0
DA:13,0
LF:2
LH:0
end_of_record
SF:lib/data/repository/spotify_album_repository.dart
DA:10,0
DA:13,0
DA:15,0
LF:3
LH:0
end_of_record
SF:lib/data/repository/spotify_artist_repository.dart
DA:10,0
DA:13,0
DA:15,0
LF:3
LH:0
end_of_record
SF:lib/data/repository/spotify_playlist_repository.dart
DA:10,0
DA:13,0
DA:15,0
LF:3
LH:0
end_of_record
SF:lib/data/repository/spotify_repository.dart
DA:9,1
DA:13,1
DA:17,2
DA:18,4
DA:20,2
DA:25,1
DA:31,2
DA:32,4
DA:34,2
DA:39,1
DA:44,2
DA:45,4
DA:47,0
DA:52,1
DA:58,2
DA:63,1
DA:65,2
DA:70,1
DA:72,2
DA:73,1
DA:75,2
DA:80,0
DA:82,0
DA:83,0
DA:85,0
DA:90,0
DA:98,0
DA:100,0
DA:105,0
DA:107,0
DA:108,0
DA:110,0
DA:115,0
DA:117,0
DA:119,0
DA:124,0
DA:126,0
DA:128,0
DA:133,0
DA:139,0
DA:140,0
DA:142,0
DA:147,0
DA:149,0
DA:150,0
DA:152,0
DA:157,0
DA:163,0
DA:164,0
DA:166,0
LF:50
LH:20
end_of_record
SF:lib/services/audio_handler.dart
DA:17,0
DA:18,0
DA:19,0
DA:23,0
DA:24,0
DA:27,0
DA:28,0
DA:32,0
DA:33,0
DA:37,0
DA:39,0
DA:40,0
DA:41,0
DA:42,0
DA:49,0
DA:50,0
DA:56,0
DA:57,0
DA:58,0
DA:60,0
DA:61,0
DA:62,0
DA:64,0
DA:65,0
DA:72,0
DA:73,0
DA:75,0
DA:77,0
DA:82,0
DA:96,0
DA:101,0
DA:102,0
DA:103,0
DA:106,0
DA:107,0
DA:111,0
DA:118,0
DA:119,0
DA:120,0
DA:121,0
DA:123,0
DA:124,0
DA:127,0
DA:128,0
DA:130,0
DA:131,0
DA:133,0
DA:135,0
DA:136,0
DA:137,0
DA:138,0
DA:149,0
DA:150,0
DA:152,0
DA:154,0
DA:155,0
DA:156,0
DA:157,0
DA:160,0
DA:163,0
DA:165,0
DA:166,0
DA:167,0
DA:168,0
DA:171,0
DA:174,0
DA:176,0
DA:177,0
DA:178,0
DA:179,0
DA:183,0
DA:184,0
DA:186,0
DA:188,0
DA:189,0
DA:192,0
DA:194,0
DA:195,0
LF:78
LH:0
end_of_record
SF:lib/services/audio_player_service.dart
DA:10,1
DA:11,0
DA:14,3
DA:15,3
DA:16,3
DA:17,1
DA:18,2
DA:21,3
DA:22,3
DA:23,0
DA:24,3
DA:30,0
DA:34,0
DA:35,0
DA:36,0
DA:41,0
DA:46,0
DA:54,0
DA:56,0
DA:57,0
DA:59,0
DA:65,1
DA:67,2
DA:69,2
DA:75,1
DA:77,2
DA:79,0
DA:85,1
DA:87,2
DA:89,0
DA:97,1
DA:99,2
DA:101,2
DA:107,0
DA:109,0
DA:111,0
DA:117,0
DA:119,0
DA:121,0
DA:129,0
DA:131,0
DA:133,0
DA:139,0
DA:141,0
DA:143,0
DA:151,1
DA:153,2
DA:155,2
DA:161,0
DA:164,1
DA:166,2
DA:168,0
LF:52
LH:24
end_of_record
SF:lib/services/hive_service.dart
DA:17,0
DA:20,1
DA:27,1
DA:28,1
DA:31,1
DA:32,1
DA:35,1
DA:36,1
DA:39,1
DA:40,1
DA:45,0
DA:46,0
DA:49,0
DA:52,0
DA:53,0
DA:54,0
DA:55,0
DA:57,0
DA:58,0
DA:60,0
DA:66,1
DA:68,3
DA:69,3
DA:70,1
DA:71,1
DA:73,2
DA:76,0
DA:82,1
DA:84,3
DA:85,2
DA:87,0
DA:93,1
DA:95,1
DA:96,3
DA:97,4
DA:101,2
DA:102,1
DA:107,1
DA:109,3
DA:110,2
DA:112,0
DA:118,1
DA:120,2
DA:121,3
DA:122,1
DA:123,1
DA:127,0
DA:133,1
DA:135,6
DA:137,2
DA:138,1
DA:143,1
DA:145,3
DA:147,0
DA:153,1
DA:155,2
DA:156,1
DA:158,0
DA:164,0
DA:166,0
DA:168,0
DA:174,0
DA:176,0
DA:177,0
DA:179,0
DA:185,1
DA:187,2
DA:188,2
DA:189,2
DA:190,2
DA:192,0
DA:198,0
DA:200,0
DA:201,0
DA:203,0
LF:75
LH:46
end_of_record
SF:lib/services/lyrics_service.dart
DA:9,0
DA:13,0
DA:18,0
DA:23,0
DA:24,0
DA:25,0
DA:31,0
DA:32,0
DA:35,0
DA:36,0
DA:37,0
DA:38,0
DA:44,0
DA:45,0
DA:47,0
DA:48,0
DA:49,0
DA:50,0
DA:51,0
DA:62,0
DA:68,0
DA:70,0
DA:71,0
DA:72,0
DA:73,0
DA:77,0
DA:81,0
DA:83,0
DA:84,0
LF:29
LH:0
end_of_record
SF:lib/services/spotify_api_service.dart
DA:9,0
DA:16,0
DA:18,0
DA:19,0
DA:21,0
DA:22,0
DA:24,0
DA:27,0
DA:32,0
DA:35,0
DA:36,0
DA:37,0
DA:38,0
DA:41,0
DA:42,0
DA:43,0
DA:45,0
DA:48,0
DA:53,0
DA:56,0
DA:57,0
DA:58,0
DA:59,0
DA:62,0
DA:63,0
DA:64,0
DA:66,0
DA:67,0
DA:70,0
DA:75,0
DA:82,0
DA:83,0
DA:84,0
DA:85,0
DA:92,0
DA:93,0
DA:95,0
DA:98,0
DA:103,0
DA:105,0
DA:107,0
DA:109,0
DA:110,0
DA:112,0
DA:115,0
DA:120,0
DA:122,0
DA:124,0
DA:126,0
DA:127,0
DA:129,0
DA:132,0
DA:137,0
DA:140,0
DA:141,0
DA:142,0
DA:143,0
DA:146,0
DA:147,0
DA:148,0
DA:150,0
DA:151,0
DA:154,0
DA:159,0
DA:161,0
DA:163,0
DA:165,0
DA:166,0
DA:168,0
DA:171,0
DA:176,0
DA:178,0
DA:180,0
DA:182,0
DA:183,0
DA:185,0
DA:188,0
DA:193,0
DA:195,0
DA:196,0
DA:197,0
DA:198,0
DA:199,0
DA:203,0
DA:204,0
DA:207,0
DA:212,0
DA:214,0
DA:215,0
DA:216,0
DA:217,0
DA:220,0
DA:221,0
DA:224,0
DA:229,0
DA:232,0
DA:233,0
DA:234,0
DA:235,0
DA:238,0
DA:239,0
DA:240,0
DA:242,0
DA:245,0
DA:250,0
DA:253,0
DA:254,0
DA:255,0
DA:256,0
DA:259,0
DA:260,0
DA:262,0
DA:263,0
DA:266,0
LF:114
LH:0
end_of_record
SF:lib/services/stats_service.dart
DA:8,0
DA:11,0
DA:15,0
DA:17,0
DA:22,0
DA:23,0
DA:25,0
DA:26,0
DA:27,0
DA:29,0
DA:30,0
DA:32,0
DA:37,0
DA:38,0
DA:39,0
DA:40,0
DA:42,0
DA:44,0
DA:50,0
DA:53,0
DA:59,0
DA:61,0
DA:62,0
DA:63,0
DA:65,0
DA:69,0
DA:71,0
DA:73,0
DA:74,0
DA:75,0
DA:76,0
DA:77,0
DA:78,0
DA:80,0
DA:81,0
DA:82,0
DA:84,0
DA:89,0
DA:90,0
DA:91,0
DA:92,0
DA:93,0
DA:94,0
DA:95,0
DA:97,0
DA:98,0
DA:100,0
DA:101,0
DA:102,0
DA:103,0
DA:109,0
DA:113,0
DA:114,0
DA:116,0
DA:117,0
DA:118,0
DA:121,0
DA:122,0
DA:123,0
DA:124,0
DA:125,0
DA:127,0
DA:133,0
DA:134,0
DA:135,0
DA:136,0
DA:138,0
DA:139,0
DA:144,0
DA:148,0
DA:149,0
DA:151,0
DA:153,0
DA:154,0
DA:155,0
DA:157,0
DA:158,0
DA:159,0
DA:161,0
DA:166,0
DA:167,0
DA:168,0
DA:169,0
DA:170,0
DA:171,0
DA:173,0
DA:174,0
DA:176,0
DA:177,0
DA:183,0
DA:187,0
DA:188,0
DA:189,0
DA:191,0
DA:193,0
DA:196,0
LF:96
LH:0
end_of_record
SF:lib/bloc/album/album_bloc.dart
DA:8,0
DA:9,0
DA:10,0
DA:11,0
DA:12,0
LF:5
LH:0
end_of_record
SF:lib/bloc/album/album_event.dart
DA:6,0
LF:1
LH:0
end_of_record
SF:lib/bloc/album/album_state.dart
DA:10,0
LF:1
LH:0
end_of_record
SF:lib/data/model/album.dart
DA:13,1
LF:1
LH:1
end_of_record
SF:lib/bloc/audio_player/audio_player_event.dart
DA:4,3
DA:6,0
DA:7,0
DA:24,1
DA:33,0
DA:35,0
DA:40,3
DA:45,3
DA:50,1
DA:57,1
DA:59,0
DA:60,0
DA:65,3
DA:70,3
DA:77,1
DA:79,0
DA:80,0
DA:87,1
DA:89,0
DA:90,0
DA:97,1
DA:99,0
DA:100,0
DA:107,1
DA:109,0
DA:110,0
DA:117,1
DA:119,0
DA:120,0
DA:125,3
DA:132,1
DA:134,0
DA:135,0
LF:33
LH:15
end_of_record
SF:lib/bloc/history/history_event.dart
DA:4,0
DA:6,0
DA:7,0
DA:14,0
DA:16,0
DA:17,0
DA:25,0
DA:30,0
DA:31,0
DA:36,0
LF:10
LH:0
end_of_record
SF:lib/bloc/history/history_state.dart
DA:9,0
DA:15,0
DA:16,0
DA:20,3
DA:22,0
DA:23,0
DA:28,3
DA:33,3
DA:40,0
DA:42,0
DA:43,0
DA:46,0
DA:49,0
DA:52,0
DA:53,0
DA:57,0
DA:58,0
DA:64,3
DA:71,0
DA:73,0
DA:74,0
LF:21
LH:4
end_of_record
SF:lib/data/model/album_track.dart
DA:6,3
LF:1
LH:1
end_of_record
SF:lib/data/model/spotify_models.dart
DA:9,2
DA:17,1
DA:18,1
DA:20,1
DA:21,2
DA:24,1
DA:25,1
DA:26,1
DA:27,1
DA:29,2
DA:40,1
DA:46,1
DA:47,1
DA:48,2
DA:49,3
DA:50,1
DA:51,0
DA:52,2
DA:53,1
DA:54,1
DA:55,0
DA:56,2
DA:57,1
DA:58,1
DA:59,0
DA:74,1
DA:84,1
DA:85,1
DA:87,0
DA:88,0
DA:91,1
DA:92,3
DA:93,1
DA:94,0
DA:96,1
DA:97,1
DA:98,1
DA:99,1
DA:100,1
DA:101,1
DA:116,1
DA:124,1
DA:125,1
DA:127,0
DA:128,0
DA:131,2
DA:133,1
DA:134,1
DA:135,1
DA:137,1
DA:152,2
DA:161,1
DA:162,1
DA:164,1
DA:165,2
DA:168,1
DA:169,1
DA:170,1
DA:171,1
DA:173,2
DA:174,2
LF:61
LH:53
end_of_record
SF:lib/bloc/liked_songs/liked_songs_event.dart
DA:5,3
DA:7,0
DA:8,0
DA:13,3
DA:21,1
DA:23,0
DA:24,0
DA:31,1
DA:33,0
DA:34,0
DA:42,0
DA:44,0
DA:45,0
DA:50,1
LF:14
LH:5
end_of_record
SF:lib/bloc/liked_songs/liked_songs_state.dart
DA:5,3
DA:7,1
DA:8,1
DA:13,3
DA:18,3
DA:26,1
DA:31,1
DA:32,3
DA:35,0
DA:36,0
DA:37,0
DA:41,1
DA:45,1
DA:46,0
DA:47,0
DA:54,3
DA:61,1
DA:63,1
DA:64,2
LF:19
LH:14
end_of_record
SF:lib/bloc/lyrics/lyrics_event.dart
DA:4,0
DA:6,0
DA:7,0
DA:15,0
DA:20,0
DA:21,0
DA:28,0
DA:30,0
DA:31,0
DA:36,0
LF:10
LH:0
end_of_record
SF:lib/bloc/lyrics/lyrics_state.dart
DA:5,4
DA:7,1
DA:8,1
DA:13,3
DA:18,3
DA:27,1
DA:33,1
DA:34,4
DA:37,1
DA:42,1
DA:43,1
DA:44,0
DA:45,0
DA:50,0
DA:51,0
DA:52,0
DA:53,0
DA:54,0
DA:55,0
DA:64,1
DA:69,1
DA:70,3
DA:78,1
DA:80,1
DA:81,3
LF:25
LH:17
end_of_record
SF:lib/data/model/lyrics.dart
DA:6,1
DA:11,0
DA:13,0
DA:14,0
DA:17,0
DA:20,0
DA:21,0
DA:22,0
DA:24,0
DA:26,0
DA:27,0
DA:32,1
DA:33,3
DA:43,1
DA:51,1
DA:52,2
DA:55,5
DA:56,4
DA:57,2
DA:65,0
DA:66,0
DA:67,0
DA:75,0
DA:76,0
LF:24
LH:9
end_of_record
SF:lib/bloc/playlist/playlist_bloc.dart
DA:8,0
DA:9,0
DA:10,0
DA:11,0
LF:4
LH:0
end_of_record
SF:lib/bloc/playlist/playlist_event.dart
DA:6,0
LF:1
LH:0
end_of_record
SF:lib/bloc/playlist/playlist_state.dart
DA:10,0
LF:1
LH:0
end_of_record
SF:lib/data/model/playlist.dart
DA:7,0
LF:1
LH:0
end_of_record
SF:lib/bloc/queue/queue_event.dart
DA:5,4
DA:7,0
DA:8,0
DA:16,1
DA:21,0
DA:22,0
DA:30,1
DA:35,0
DA:36,0
DA:43,0
DA:45,0
DA:46,0
DA:54,0
DA:59,0
DA:60,0
DA:65,3
DA:70,3
DA:75,3
LF:18
LH:6
end_of_record
SF:lib/bloc/queue/queue_state.dart
DA:9,4
DA:11,1
DA:12,1
DA:17,3
DA:27,1
DA:34,1
DA:35,5
DA:38,0
DA:39,0
DA:42,0
DA:46,0
DA:47,0
DA:51,0
DA:52,0
DA:56,1
DA:62,1
DA:63,1
DA:64,1
DA:65,1
DA:66,1
DA:73,3
DA:80,0
DA:82,0
DA:83,0
LF:24
LH:14
end_of_record
SF:lib/bloc/search/search_event.dart
DA:4,0
DA:6,0
DA:7,0
DA:14,0
DA:16,0
DA:17,0
DA:22,0
LF:7
LH:0
end_of_record
SF:lib/bloc/search/search_state.dart
DA:8,4
DA:10,1
DA:11,1
DA:16,3
DA:23,1
DA:25,1
DA:26,2
DA:37,1
DA:46,0
DA:47,0
DA:49,1
DA:50,6
DA:53,0
DA:60,0
DA:61,0
DA:62,0
DA:63,0
DA:64,0
DA:65,0
DA:74,1
DA:76,1
DA:77,2
DA:85,1
DA:87,1
DA:88,3
LF:25
LH:16
end_of_record
SF:lib/data/model/artist.dart
DA:5,1
LF:1
LH:1
end_of_record
SF:lib/bloc/stats/stats_event.dart
DA:5,1
DA:7,0
DA:8,0
DA:15,1
DA:17,0
DA:18,0
DA:25,1
DA:27,0
DA:28,0
LF:9
LH:3
end_of_record
SF:lib/bloc/stats/stats_state.dart
DA:5,4
DA:7,0
DA:8,0
DA:13,3
DA:20,1
DA:22,1
DA:23,2
DA:31,1
DA:36,1
DA:37,3
DA:40,0
DA:44,0
DA:45,0
DA:46,0
DA:55,1
DA:57,1
DA:58,2
DA:66,1
DA:68,1
DA:69,3
LF:20
LH:14
end_of_record
SF:lib/data/model/user_stats.dart
DA:10,1
DA:20,0
DA:23,0
DA:24,0
DA:25,0
DA:26,0
DA:27,0
DA:32,0
DA:33,0
DA:34,0
DA:35,0
DA:36,0
DA:49,1
DA:65,1
DA:80,0
DA:96,0
DA:98,0
DA:100,0
DA:102,0
DA:107,0
DA:108,0
DA:110,0
DA:111,0
DA:112,0
DA:113,0
DA:114,0
DA:115,0
LF:27
LH:3
end_of_record
SF:lib/bloc/theme/theme_event.dart
DA:4,1
DA:6,0
DA:7,0
DA:12,0
DA:19,1
DA:21,0
DA:22,0
LF:7
LH:2
end_of_record
SF:lib/bloc/theme/theme_state.dart
DA:6,1
DA:8,0
DA:9,0
DA:18,1
DA:24,1
DA:25,4
DA:28,0
DA:33,0
DA:34,0
DA:35,0
DA:36,0
LF:11
LH:4
end_of_record
SF:lib/core/audio/sample_audio_helper.dart
DA:8,0
DA:36,0
DA:38,0
DA:39,0
DA:44,0
DA:49,0
DA:56,0
DA:57,0
DA:61,0
DA:62,0
LF:10
LH:0
end_of_record
SF:lib/core/utils/color_extractor.dart
DA:10,0
DA:12,0
DA:13,0
DA:15,0
DA:17,0
DA:18,0
DA:26,0
DA:28,0
DA:29,0
DA:31,0
DA:32,0
DA:33,0
DA:35,0
DA:36,0
DA:44,0
DA:46,0
DA:47,0
DA:50,0
DA:58,0
DA:60,0
DA:62,0
DA:63,0
DA:69,0
DA:71,0
DA:73,0
DA:75,0
DA:76,0
DA:81,0
DA:82,0
DA:83,0
LF:30
LH:0
end_of_record
SF:lib/data/model/playlist_track.dart
DA:6,0
LF:1
LH:0
end_of_record
SF:lib/data/model/podcast.dart
DA:5,0
LF:1
LH:0
end_of_record
SF:lib/ui/home_screen.dart
DA:19,3
DA:21,0
DA:23,0
DA:25,0
DA:27,0
DA:29,0
DA:30,0
DA:31,0
DA:32,0
DA:33,0
DA:34,0
DA:35,0
DA:37,0
DA:38,0
DA:39,0
DA:41,0
DA:50,0
DA:51,0
DA:53,0
DA:54,0
DA:61,0
DA:62,0
DA:63,0
DA:64,0
DA:73,0
DA:75,0
DA:88,0
DA:93,0
DA:95,0
DA:97,0
DA:98,0
DA:100,0
DA:115,0
DA:117,0
DA:119,0
DA:120,0
DA:121,0
DA:125,0
DA:126,0
DA:128,0
DA:130,0
DA:142,0
DA:144,0
DA:146,0
DA:147,0
DA:148,0
DA:149,0
DA:150,0
DA:152,0
DA:153,0
DA:155,0
DA:156,0
DA:159,0
DA:161,0
DA:162,0
DA:166,0
DA:169,0
DA:170,0
DA:179,0
DA:188,0
DA:190,0
DA:191,0
DA:215,3
DA:217,0
DA:219,0
DA:220,0
DA:222,0
DA:224,0
DA:237,0
DA:239,0
DA:241,0
DA:242,0
DA:243,0
DA:244,0
DA:246,0
DA:247,0
DA:248,0
DA:249,0
DA:250,0
DA:260,0
DA:262,0
DA:263,0
DA:266,0
DA:283,0
DA:285,0
DA:286,0
DA:289,0
DA:305,0
DA:306,0
DA:307,0
DA:309,0
DA:310,0
DA:311,0
DA:312,0
DA:313,0
DA:314,0
DA:323,0
DA:325,0
DA:326,0
DA:329,0
DA:346,0
DA:347,0
DA:348,0
DA:350,0
DA:351,0
DA:352,0
DA:353,0
DA:354,0
DA:362,0
DA:364,0
DA:365,0
DA:368,0
DA:419,3
DA:421,0
DA:423,0
DA:424,0
DA:426,0
DA:428,0
DA:440,0
DA:442,0
DA:444,0
DA:445,0
DA:446,0
DA:447,0
DA:449,0
DA:450,0
DA:451,0
DA:452,0
DA:453,0
DA:471,0
DA:472,0
DA:473,0
DA:475,0
DA:476,0
DA:477,0
DA:478,0
DA:479,0
DA:496,0
DA:497,0
DA:498,0
DA:500,0
DA:501,0
DA:502,0
DA:503,0
DA:504,0
DA:529,0
DA:530,0
DA:531,0
DA:533,0
DA:534,0
DA:535,0
DA:536,0
DA:537,0
DA:563,3
DA:565,0
DA:567,0
DA:568,0
DA:570,0
DA:571,0
DA:572,0
DA:574,0
DA:592,0
DA:594,0
DA:596,0
DA:597,0
DA:598,0
DA:599,0
DA:600,0
DA:601,0
DA:603,0
DA:604,0
DA:608,0
DA:618,0
DA:619,0
DA:620,0
DA:643,0
DA:670,0
DA:671,0
DA:672,0
DA:674,0
DA:675,0
DA:677,0
DA:684,0
DA:685,0
DA:686,0
DA:688,0
DA:689,0
DA:705,0
DA:733,0
DA:735,0
DA:736,0
DA:737,0
DA:738,0
DA:740,0
DA:741,0
DA:742,0
DA:743,0
DA:744,0
DA:757,0
DA:758,0
DA:759,0
DA:761,0
DA:762,0
DA:763,0
DA:764,0
DA:765,0
DA:781,0
DA:783,0
DA:784,0
DA:785,0
DA:786,0
DA:788,0
DA:789,0
DA:790,0
DA:791,0
DA:792,0
DA:823,3
DA:826,0
DA:828,0
DA:830,0
DA:837,0
DA:838,0
DA:839,0
DA:842,0
DA:847,0
DA:848,0
DA:849,0
DA:858,0
DA:859,0
DA:873,3
DA:877,0
DA:879,0
DA:881,0
DA:882,0
DA:885,0
DA:890,0
DA:892,0
DA:893,0
LF:238
LH:6
end_of_record
SF:lib/ui/splash_screen.dart
DA:11,3
DA:13,1
DA:14,1
DA:20,1
DA:22,1
DA:23,2
DA:25,0
DA:26,0
DA:27,0
DA:33,0
DA:34,0
DA:39,0
DA:46,0
DA:47,0
DA:48,0
DA:52,1
DA:54,2
DA:55,1
DA:58,1
DA:60,1
DA:62,1
DA:63,1
LF:22
LH:13
end_of_record
SF:lib/ui/spotify_login_screen.dart
DA:14,3
DA:19,0
DA:20,0
DA:28,0
DA:30,0
DA:31,0
DA:34,0
DA:35,0
DA:40,0
DA:41,0
DA:42,0
DA:43,0
DA:47,0
DA:49,0
DA:51,0
DA:52,0
DA:56,0
DA:57,0
DA:58,0
DA:64,0
DA:66,0
DA:67,0
DA:68,0
DA:69,0
DA:73,0
DA:74,0
DA:78,0
DA:79,0
DA:84,0
DA:86,0
DA:88,0
DA:89,0
DA:90,0
DA:92,0
DA:94,0
DA:96,0
DA:104,0
DA:106,0
DA:114,0
DA:117,0
DA:118,0
DA:124,0
DA:125,0
DA:126,0
DA:127,0
DA:133,0
DA:137,0
DA:138,0
DA:142,0
DA:144,0
DA:145,0
DA:150,0
DA:152,0
DA:158,0
DA:160,0
DA:161,0
DA:162,0
DA:164,0
DA:165,0
DA:166,0
DA:167,0
DA:169,0
DA:170,0
DA:171,0
DA:173,0
DA:174,0
DA:175,0
DA:176,0
DA:182,0
DA:183,0
DA:185,0
DA:186,0
DA:187,0
DA:188,0
DA:189,0
DA:196,0
DA:197,0
DA:198,0
DA:199,0
DA:201,0
DA:205,0
DA:209,0
DA:210,0
DA:217,0
DA:220,0
DA:222,0
DA:223,0
DA:224,0
DA:225,0
DA:227,0
DA:229,0
DA:230,0
DA:232,0
DA:238,0
DA:240,0
DA:241,0
LF:96
LH:1
end_of_record
SF:lib/widgets/mini_player_overlay.dart
DA:12,0
DA:15,0
DA:17,0
DA:18,0
DA:38,0
DA:40,0
DA:41,0
DA:47,0
DA:49,0
DA:50,0
DA:53,0
DA:55,0
DA:56,0
DA:59,0
DA:61,0
DA:62,0
DA:63,0
DA:64,0
DA:66,0
DA:67,0
DA:68,0
DA:71,0
DA:72,0
DA:74,0
DA:77,0
DA:78,0
DA:79,0
DA:80,0
DA:81,0
DA:82,0
DA:83,0
DA:84,0
DA:87,0
DA:88,0
DA:89,0
DA:91,0
DA:92,0
DA:93,0
DA:94,0
DA:97,0
DA:99,0
DA:100,0
DA:103,0
DA:104,0
DA:108,0
DA:110,0
DA:112,0
DA:115,0
DA:117,0
DA:131,0
DA:135,0
DA:136,0
DA:137,0
DA:138,0
DA:140,0
DA:141,0
DA:142,0
DA:145,0
DA:153,0
DA:154,0
LF:60
LH:0
end_of_record
SF:lib/ui/album_control_screen.dart
DA:7,0
DA:10,0
DA:12,0
DA:14,0
DA:15,0
DA:16,0
DA:17,0
DA:19,0
DA:20,0
DA:24,0
DA:27,0
DA:28,0
DA:33,0
DA:34,0
DA:38,0
DA:39,0
DA:40,0
DA:41,0
DA:42,0
DA:48,0
DA:50,0
DA:51,0
DA:58,0
DA:59,0
DA:60,0
DA:62,0
DA:63,0
DA:80,0
DA:81,0
DA:82,0
DA:83,0
DA:108,3
DA:112,0
DA:114,0
DA:116,0
DA:118,0
DA:119,0
DA:121,0
DA:122,0
DA:136,0
DA:139,0
DA:141,0
DA:143,0
DA:147,0
DA:148,0
DA:155,0
DA:156,0
DA:157,0
DA:166,0
DA:167,0
DA:168,0
LF:51
LH:1
end_of_record
SF:lib/ui/share_song_screen.dart
DA:5,3
DA:7,0
DA:9,0
DA:11,0
DA:12,0
DA:13,0
DA:15,0
DA:16,0
DA:17,0
DA:33,0
DA:35,0
DA:36,0
DA:38,0
DA:43,0
DA:53,3
DA:55,0
DA:57,0
DA:58,0
DA:62,0
DA:64,0
DA:66,0
DA:67,0
DA:68,0
DA:69,0
DA:72,0
DA:93,0
LF:26
LH:2
end_of_record
SF:lib/ui/albumview_screen.dart
DA:17,3
DA:19,0
DA:20,0
DA:32,0
DA:34,0
DA:36,0
DA:37,0
DA:38,0
DA:39,0
DA:40,0
DA:42,0
DA:43,0
DA:44,0
DA:46,0
DA:47,0
DA:48,0
DA:50,0
DA:52,0
DA:54,0
DA:57,0
DA:59,0
DA:60,0
DA:63,0
DA:65,0
DA:67,0
DA:68,0
DA:69,0
DA:71,0
DA:72,0
DA:75,0
DA:77,0
DA:78,0
DA:79,0
DA:80,0
DA:81,0
DA:82,0
DA:83,0
DA:84,0
DA:86,0
DA:87,0
DA:89,0
DA:90,0
DA:91,0
DA:92,0
DA:93,0
DA:110,0
DA:111,0
DA:122,0
DA:123,0
DA:124,0
DA:125,0
DA:126,0
DA:127,0
DA:128,0
DA:131,0
DA:132,0
DA:133,0
DA:134,0
DA:137,0
DA:139,0
DA:142,0
DA:145,0
DA:146,0
DA:147,0
DA:148,0
DA:150,0
DA:152,0
DA:153,0
DA:160,0
DA:162,0
DA:164,0
DA:169,0
DA:171,0
DA:176,0
DA:177,0
DA:179,0
DA:188,0
DA:189,0
DA:192,0
DA:193,0
DA:195,0
DA:196,0
DA:198,0
DA:199,0
DA:200,0
DA:201,0
DA:204,0
DA:205,0
DA:207,0
DA:208,0
DA:209,0
DA:218,0
DA:220,0
DA:223,0
DA:224,0
DA:225,0
DA:235,0
DA:237,0
DA:238,0
DA:240,0
DA:288,0
DA:292,0
DA:294,0
DA:296,0
DA:298,0
DA:300,0
DA:301,0
DA:302,0
DA:304,0
DA:305,0
DA:306,0
DA:307,0
DA:308,0
DA:309,0
DA:310,0
DA:315,0
DA:317,0
DA:318,0
DA:319,0
DA:320,0
DA:321,0
DA:330,0
DA:331,0
DA:332,0
DA:340,0
DA:341,0
DA:354,0
DA:355,0
DA:356,0
DA:358,0
DA:359,0
DA:360,0
DA:361,0
DA:362,0
DA:363,0
DA:380,0
DA:383,0
DA:384,0
DA:390,0
DA:392,0
DA:394,0
DA:395,0
DA:397,0
DA:398,0
DA:399,0
DA:410,0
DA:411,0
DA:412,0
DA:415,0
DA:420,0
DA:421,0
DA:434,0
DA:435,0
DA:442,0
DA:445,0
DA:447,0
DA:448,0
DA:449,0
DA:450,0
DA:451,0
DA:454,0
DA:455,0
DA:456,0
DA:462,0
DA:463,0
DA:464,0
DA:465,0
DA:467,0
DA:468,0
DA:469,0
DA:474,0
LF:171
LH:1
end_of_record
SF:lib/ui/song_control_screen.dart
DA:6,3
DA:17,0
DA:19,0
DA:21,0
DA:22,0
DA:23,0
DA:24,0
DA:26,0
DA:27,0
DA:31,0
DA:34,0
DA:35,0
DA:40,0
DA:41,0
DA:42,0
DA:43,0
DA:47,0
DA:48,0
DA:49,0
DA:50,0
DA:51,0
DA:57,0
DA:59,0
DA:60,0
DA:69,0
DA:70,0
DA:71,0
DA:73,0
DA:74,0
DA:92,0
DA:93,0
DA:94,0
DA:95,0
DA:120,3
DA:124,0
DA:126,0
DA:128,0
DA:130,0
DA:131,0
DA:133,0
DA:134,0
DA:148,0
DA:156,0
DA:158,0
DA:160,0
DA:164,0
DA:165,0
DA:172,0
DA:173,0
DA:174,0
DA:183,0
DA:184,0
DA:185,0
LF:53
LH:2
end_of_record
SF:lib/widgets/bottom_player.dart
DA:11,3
DA:13,0
DA:14,0
DA:19,0
DA:21,0
DA:22,0
DA:31,0
DA:32,0
DA:33,0
DA:34,0
DA:35,0
DA:36,0
DA:38,0
DA:39,0
DA:40,0
DA:41,0
DA:42,0
DA:43,0
DA:45,0
DA:46,0
DA:48,0
DA:49,0
DA:53,0
DA:55,0
DA:57,0
DA:65,0
DA:67,0
DA:69,0
DA:70,0
DA:72,0
DA:74,0
DA:75,0
DA:76,0
DA:78,0
DA:82,0
DA:84,0
DA:89,0
DA:90,0
DA:91,0
DA:98,0
DA:99,0
DA:100,0
DA:103,0
DA:104,0
DA:105,0
DA:108,0
DA:112,0
DA:115,0
DA:116,0
DA:118,0
DA:120,0
DA:131,0
DA:144,0
DA:146,0
DA:148,0
DA:149,0
DA:150,0
DA:151,0
DA:152,0
DA:153,0
DA:157,0
DA:165,0
DA:167,0
DA:168,0
DA:169,0
DA:170,0
DA:173,0
DA:174,0
DA:175,0
DA:176,0
DA:184,0
DA:185,0
DA:186,0
DA:193,0
DA:194,0
DA:196,0
DA:200,0
DA:205,0
DA:209,0
DA:213,0
DA:214,0
DA:215,0
DA:221,0
DA:236,0
DA:237,0
DA:238,0
DA:239,0
DA:243,0
DA:245,0
DA:248,0
DA:249,0
DA:250,0
DA:252,0
DA:253,0
DA:255,0
DA:256,0
DA:258,0
DA:259,0
LF:98
LH:1
end_of_record
SF:lib/widgets/skeleton_loaders.dart
DA:6,6
DA:8,0
DA:10,0
DA:11,0
DA:12,0
DA:13,0
DA:16,0
DA:18,0
DA:20,0
DA:21,0
DA:23,0
DA:27,0
DA:29,0
DA:33,0
DA:34,0
DA:37,0
DA:38,0
DA:45,0
DA:64,0
DA:67,0
DA:69,0
DA:71,0
DA:72,0
DA:73,0
DA:74,0
DA:76,0
DA:78,0
DA:79,0
DA:80,0
DA:81,0
DA:83,0
DA:88,0
DA:89,0
DA:95,0
DA:96,0
DA:110,0
DA:113,0
DA:115,0
DA:117,0
DA:118,0
DA:119,0
DA:120,0
DA:122,0
DA:124,0
DA:125,0
DA:126,0
DA:127,0
DA:134,0
DA:135,0
DA:149,0
DA:152,0
DA:154,0
DA:156,0
DA:157,0
DA:158,0
DA:159,0
DA:161,0
DA:163,0
DA:164,0
DA:165,0
DA:166,0
DA:168,0
DA:173,0
DA:174,0
DA:180,0
DA:181,0
DA:196,3
DA:200,3
DA:202,0
DA:204,0
DA:205,0
DA:206,0
DA:207,0
DA:208,0
DA:210,0
DA:211,0
DA:213,0
DA:215,0
DA:216,0
DA:218,0
DA:220,0
DA:221,0
DA:223,0
LF:83
LH:3
end_of_record
SF:lib/widgets/stream_buttons.dart
DA:5,3
DA:14,0
DA:16,0
DA:17,0
DA:18,0
DA:19,0
DA:20,0
DA:23,0
DA:24,0
DA:26,0
DA:34,3
DA:48,0
DA:50,0
DA:51,0
DA:52,0
DA:53,0
DA:54,0
DA:57,0
DA:58,0
DA:60,0
DA:61,0
DA:62,0
DA:63,0
DA:69,0
DA:70,0
DA:71,0
LF:26
LH:2
end_of_record
SF:lib/ui/playlist_search_screen.dart
DA:10,3
DA:13,0
DA:15,0
DA:26,0
DA:28,0
DA:29,0
DA:30,0
DA:31,0
DA:32,0
DA:34,0
DA:35,0
DA:37,0
DA:38,0
DA:39,0
DA:40,0
DA:42,0
DA:43,0
DA:73,0
DA:76,0
DA:78,0
DA:80,0
DA:81,0
DA:82,0
DA:83,0
DA:85,0
DA:87,0
DA:88,0
DA:89,0
DA:90,0
DA:93,0
DA:94,0
DA:97,0
DA:99,0
DA:100,0
DA:101,0
DA:102,0
DA:103,0
DA:112,0
DA:113,0
DA:124,0
DA:129,0
DA:137,0
DA:140,0
DA:141,0
DA:148,0
DA:150,0
DA:151,0
DA:154,0
DA:155,0
DA:157,0
DA:172,0
DA:173,0
DA:174,0
DA:190,0
DA:191,0
DA:201,0
DA:203,0
DA:205,0
DA:206,0
DA:207,0
DA:208,0
DA:209,0
DA:212,0
DA:213,0
DA:218,0
DA:220,0
DA:221,0
DA:222,0
DA:223,0
DA:226,0
DA:227,0
DA:228,0
DA:230,0
DA:236,0
DA:238,0
DA:239,0
DA:240,0
DA:241,0
DA:244,0
DA:266,0
DA:269,0
DA:271,0
DA:272,0
DA:274,0
DA:278,0
DA:279,0
DA:280,0
DA:287,0
DA:289,0
DA:291,0
DA:294,0
DA:295,0
DA:317,0
DA:318,0
DA:319,0
DA:331,3
DA:333,0
DA:335,0
DA:337,0
DA:339,0
DA:340,0
DA:342,0
DA:343,0
DA:344,0
DA:349,0
DA:351,0
DA:352,0
DA:353,0
LF:108
LH:2
end_of_record
SF:lib/ui/setting_screen.dart
DA:7,3
DA:9,0
DA:11,0
DA:13,0
DA:26,0
DA:27,0
DA:28,0
DA:30,0
DA:63,3
DA:66,0
DA:68,0
DA:69,0
DA:71,0
DA:73,0
DA:74,0
DA:75,0
DA:82,0
DA:91,3
DA:93,0
DA:95,0
DA:96,0
DA:98,0
DA:99,0
DA:100,0
DA:102,0
DA:103,0
DA:107,0
DA:109,0
DA:110,0
DA:111,0
DA:112,0
DA:114,0
DA:115,0
DA:153,0
LF:34
LH:3
end_of_record
SF:lib/ui/listening_on_screen.dart
DA:5,3
DA:7,0
DA:8,0
DA:13,0
DA:15,0
DA:17,0
DA:19,0
DA:20,0
DA:22,0
DA:24,0
DA:25,0
DA:26,0
DA:29,0
DA:31,0
DA:38,0
DA:39,0
DA:40,0
DA:42,0
DA:44,0
DA:46,0
DA:48,0
DA:49,0
DA:51,0
DA:52,0
DA:58,0
DA:64,0
DA:70,0
DA:78,0
DA:80,0
DA:90,0
DA:91,0
DA:92,0
DA:118,0
DA:119,0
DA:120,0
DA:121,0
DA:131,0
DA:133,0
DA:134,0
DA:172,0
DA:173,0
DA:174,0
DA:178,0
DA:192,0
DA:193,0
DA:196,0
DA:197,0
DA:219,0
DA:220,0
DA:221,0
DA:222,0
DA:228,0
DA:229,0
DA:235,0
DA:236,0
DA:237,0
DA:238,0
DA:256,3
DA:258,0
DA:260,0
DA:262,0
DA:274,0
DA:275,0
DA:276,0
DA:278,0
DA:280,0
DA:289,0
DA:290,0
DA:291,0
DA:310,0
DA:312,0
DA:313,0
DA:314,0
DA:315,0
DA:328,0
DA:334,0
DA:335,0
DA:336,0
LF:78
LH:2
end_of_record
SF:lib/ui/lyrics_screen.dart
DA:6,3
DA:8,0
DA:29,3
DA:31,0
DA:33,0
DA:37,0
DA:38,0
DA:39,0
DA:102,3
DA:104,0
DA:106,0
DA:108,0
DA:110,0
DA:111,0
DA:112,0
DA:113,0
DA:115,0
DA:118,0
DA:120,0
DA:152,0
DA:164,3
DA:166,0
DA:167,0
DA:173,0
DA:175,0
DA:177,0
DA:178,0
DA:179,0
DA:185,0
DA:186,0
DA:187,0
DA:192,0
DA:193,0
DA:194,0
DA:195,0
DA:228,0
DA:230,0
DA:231,0
DA:237,0
DA:238,0
DA:239,0
DA:240,0
DA:243,0
DA:257,0
LF:44
LH:4
end_of_record
SF:lib/ui/lyrics_section.dart
DA:7,3
DA:9,0
DA:11,0
DA:23,0
DA:25,0
DA:26,0
DA:27,0
DA:31,0
DA:38,0
DA:41,0
DA:54,3
DA:56,0
DA:58,0
DA:60,0
DA:62,0
DA:63,0
DA:65,0
DA:66,0
DA:67,0
DA:89,0
DA:92,0
DA:94,0
DA:95,0
DA:100,0
DA:101,0
DA:103,0
DA:104,0
DA:117,0
DA:124,0
DA:127,0
DA:129,0
DA:131,0
DA:135,0
DA:136,0
DA:138,0
DA:139,0
DA:141,0
DA:142,0
DA:143,0
DA:167,0
DA:169,0
DA:170,0
DA:171,0
LF:43
LH:2
end_of_record
SF:lib/ui/profile_screen.dart
DA:6,3
DA:8,0
DA:10,0
DA:12,0
DA:14,0
DA:15,0
DA:16,0
DA:17,0
DA:19,0
DA:20,0
DA:21,0
DA:38,0
DA:40,0
DA:41,0
DA:42,0
DA:61,3
DA:63,0
DA:65,0
DA:67,0
DA:71,0
DA:75,0
DA:79,0
DA:80,0
DA:85,0
DA:87,0
DA:96,0
DA:106,3
DA:108,0
DA:110,0
DA:112,0
DA:114,0
DA:118,0
DA:120,0
DA:121,0
DA:122,0
DA:123,0
DA:125,0
DA:127,0
DA:136,0
DA:137,0
DA:138,0
DA:146,0
DA:149,0
DA:151,0
LF:44
LH:3
end_of_record
SF:lib/ui/queue_screen.dart
DA:11,3
DA:13,0
DA:15,0
DA:17,0
DA:20,0
DA:22,0
DA:34,0
DA:35,0
DA:36,0
DA:45,0
DA:46,0
DA:48,0
DA:49,0
DA:51,0
DA:53,0
DA:54,0
DA:56,0
DA:59,0
DA:60,0
DA:62,0
DA:63,0
DA:69,0
DA:70,0
DA:71,0
DA:73,0
DA:74,0
DA:76,0
DA:77,0
DA:83,0
DA:86,0
DA:88,0
DA:89,0
DA:98,0
DA:99,0
DA:100,0
DA:101,0
DA:102,0
DA:108,0
DA:109,0
DA:110,0
DA:111,0
DA:112,0
DA:114,0
DA:115,0
DA:117,0
DA:118,0
DA:119,0
DA:120,0
DA:121,0
DA:122,0
DA:123,0
DA:124,0
DA:131,0
DA:132,0
DA:133,0
DA:153,0
DA:155,0
DA:157,0
DA:159,0
DA:164,0
DA:166,0
DA:168,0
DA:170,0
DA:183,0
DA:190,0
DA:192,0
DA:194,0
DA:195,0
DA:196,0
DA:197,0
DA:199,0
DA:200,0
DA:202,0
DA:203,0
DA:205,0
DA:207,0
DA:208,0
DA:209,0
DA:210,0
DA:214,0
DA:215,0
DA:216,0
DA:217,0
DA:238,0
DA:245,0
DA:247,0
DA:249,0
DA:250,0
DA:251,0
DA:252,0
DA:254,0
DA:255,0
DA:256,0
DA:257,0
DA:258,0
DA:259,0
DA:260,0
DA:263,0
DA:264,0
DA:265,0
DA:266,0
DA:269,0
DA:270,0
DA:271,0
DA:273,0
DA:274,0
DA:275,0
DA:285,0
DA:286,0
DA:289,0
DA:293,0
DA:296,0
DA:297,0
DA:300,0
DA:301,0
DA:305,0
DA:307,0
DA:309,0
DA:310,0
DA:311,0
DA:313,0
DA:319,0
DA:320,0
DA:321,0
DA:323,0
LF:125
LH:1
end_of_record
SF:lib/ui/track_view_screen.dart
DA:20,3
DA:22,0
DA:23,0
DA:35,0
DA:37,0
DA:38,0
DA:40,0
DA:41,0
DA:44,0
DA:45,0
DA:46,0
DA:47,0
DA:49,0
DA:50,0
DA:51,0
DA:52,0
DA:56,0
DA:57,0
DA:58,0
DA:60,0
DA:62,0
DA:63,0
DA:66,0
DA:67,0
DA:68,0
DA:74,0
DA:75,0
DA:76,0
DA:80,0
DA:84,0
DA:85,0
DA:86,0
DA:87,0
DA:90,0
DA:91,0
DA:95,0
DA:96,0
DA:98,0
DA:101,0
DA:104,0
DA:106,0
DA:132,0
DA:134,0
DA:135,0
DA:136,0
DA:139,0
DA:141,0
DA:142,0
DA:144,0
DA:146,0
DA:147,0
DA:149,0
DA:150,0
DA:152,0
DA:153,0
DA:156,0
DA:157,0
DA:171,0
DA:175,0
DA:178,0
DA:179,0
DA:181,0
DA:182,0
DA:183,0
DA:186,0
DA:187,0
DA:190,0
DA:191,0
DA:192,0
DA:193,0
DA:218,0
DA:219,0
DA:220,0
DA:223,0
DA:224,0
DA:225,0
DA:226,0
DA:228,0
DA:229,0
DA:246,0
DA:249,0
DA:250,0
DA:260,0
DA:264,0
DA:266,0
DA:267,0
DA:268,0
DA:269,0
DA:272,0
DA:273,0
DA:274,0
DA:276,0
DA:278,0
DA:279,0
DA:280,0
DA:283,0
DA:284,0
DA:287,0
DA:288,0
DA:292,0
DA:293,0
DA:296,0
DA:297,0
DA:321,0
DA:324,0
DA:325,0
DA:326,0
DA:328,0
DA:329,0
DA:331,0
DA:334,0
DA:337,0
DA:339,0
DA:340,0
DA:352,0
DA:355,0
DA:356,0
DA:357,0
DA:359,0
DA:360,0
DA:362,0
DA:365,0
DA:368,0
DA:370,0
DA:371,0
DA:382,0
DA:384,0
DA:385,0
DA:387,0
DA:388,0
DA:390,0
DA:396,0
DA:397,0
DA:398,0
DA:399,0
DA:404,0
DA:405,0
DA:406,0
DA:407,0
DA:411,0
DA:412,0
DA:413,0
DA:414,0
DA:417,0
DA:418,0
DA:419,0
DA:426,0
DA:432,0
DA:438,0
DA:454,0
DA:458,0
DA:460,0
DA:461,0
DA:462,0
DA:463,0
DA:464,0
DA:472,0
DA:475,0
DA:476,0
DA:478,0
DA:480,0
DA:483,0
DA:485,0
DA:486,0
DA:488,0
DA:489,0
DA:491,0
DA:495,0
DA:497,0
DA:498,0
DA:500,0
DA:501,0
DA:503,0
DA:509,0
DA:517,0
DA:518,0
DA:519,0
DA:523,0
DA:524,0
DA:525,0
DA:526,0
DA:528,0
DA:550,0
DA:551,0
DA:553,0
DA:554,0
DA:555,0
DA:558,0
DA:563,0
DA:565,0
DA:567,0
DA:568,0
DA:569,0
DA:573,0
DA:575,0
DA:582,0
DA:583,0
DA:584,0
DA:608,0
DA:612,0
DA:614,0
DA:615,0
DA:616,0
DA:617,0
DA:618,0
DA:619,0
DA:620,0
DA:623,0
DA:625,0
DA:626,0
DA:628,0
DA:630,0
DA:631,0
DA:633,0
DA:635,0
DA:640,0
DA:647,0
DA:648,0
DA:649,0
DA:650,0
DA:651,0
DA:652,0
DA:655,0
DA:657,0
DA:658,0
DA:659,0
DA:663,0
DA:664,0
DA:666,0
DA:668,0
DA:673,0
DA:690,0
DA:692,0
DA:693,0
DA:694,0
DA:695,0
DA:699,0
DA:704,0
DA:705,0
DA:706,0
DA:707,0
DA:713,3
DA:715,0
DA:716,0
DA:717,0
DA:718,0
DA:721,0
DA:723,0
DA:725,0
DA:726,0
DA:728,0
DA:729,0
DA:730,0
DA:731,0
DA:733,0
DA:749,3
DA:751,0
DA:752,0
DA:753,0
DA:754,0
DA:757,0
DA:759,0
DA:761,0
DA:762,0
DA:764,0
DA:765,0
DA:766,0
DA:767,0
DA:769,0
DA:784,3
DA:786,0
DA:788,0
DA:790,0
DA:792,0
DA:793,0
DA:794,0
DA:795,0
DA:802,0
DA:803,0
DA:805,0
DA:806,0
DA:807,0
DA:809,0
DA:811,0
DA:814,0
DA:818,0
DA:819,0
DA:820,0
DA:836,0
DA:837,0
DA:838,0
DA:840,0
DA:842,0
DA:845,0
DA:849,0
DA:850,0
DA:851,0
DA:859,0
LF:298
LH:4
end_of_record
SF:lib/widgets/video_player.dart
DA:6,3
DA:8,0
DA:9,0
DA:15,0
DA:17,0
DA:18,0
DA:19,0
DA:20,0
DA:21,0
DA:22,0
DA:26,0
DA:28,0
DA:29,0
DA:32,0
DA:34,0
DA:36,0
DA:37,0
DA:39,0
DA:40,0
DA:41,0
DA:42,0
DA:43,0
DA:44,0
LF:23
LH:1
end_of_record
SF:lib/bloc/auth/auth_bloc.dart
DA:11,1
DA:13,1
DA:14,2
DA:15,2
DA:16,2
DA:17,2
DA:18,2
DA:19,2
DA:21,1
DA:25,1
DA:26,1
DA:27,3
DA:28,0
DA:33,0
DA:37,0
DA:38,0
DA:40,0
DA:45,1
DA:50,1
DA:52,2
DA:55,3
DA:57,1
DA:60,4
DA:65,1
DA:70,1
DA:72,2
DA:73,1
DA:74,1
DA:77,3
DA:79,4
DA:84,1
DA:89,1
DA:92,2
DA:93,1
DA:94,1
DA:95,1
DA:98,3
DA:100,4
DA:105,1
DA:110,1
DA:112,2
DA:114,1
DA:115,1
DA:117,4
DA:122,0
DA:126,0
DA:129,0
DA:131,0
DA:135,1
DA:137,2
DA:138,1
DA:146,0
DA:148,0
DA:149,0
LF:54
LH:42
end_of_record
SF:lib/bloc/auth/auth_event.dart
DA:4,1
DA:6,0
DA:7,0
DA:12,1
DA:20,1
DA:25,0
DA:26,0
DA:35,1
DA:41,0
DA:42,0
DA:47,1
DA:52,0
LF:12
LH:5
end_of_record
SF:lib/bloc/auth/auth_state.dart
DA:5,1
DA:7,1
DA:8,1
DA:13,1
DA:18,1
DA:25,1
DA:27,1
DA:28,2
DA:33,1
DA:40,1
DA:42,1
DA:43,2
DA:48,1
LF:13
LH:13
end_of_record
SF:lib/services/firebase_service.dart
DA:9,0
DA:15,0
DA:16,0
DA:19,0
DA:22,0
DA:24,0
DA:25,0
DA:27,0
DA:28,0
DA:29,0
DA:31,0
DA:37,0
DA:40,0
DA:43,0
DA:45,0
DA:48,0
DA:53,0
DA:55,0
DA:56,0
DA:57,0
DA:60,0
DA:63,0
DA:67,0
DA:73,0
DA:78,0
DA:84,0
DA:88,0
DA:94,0
DA:100,0
DA:106,0
DA:109,0
DA:113,0
DA:119,0
DA:121,0
DA:122,0
DA:124,0
DA:130,0
DA:132,0
DA:133,0
DA:135,0
DA:136,0
DA:137,0
DA:138,0
DA:139,0
DA:140,0
DA:141,0
DA:142,0
DA:146,0
DA:152,0
DA:159,0
DA:160,0
DA:163,0
DA:164,0
DA:165,0
DA:166,0
DA:167,0
DA:168,0
DA:173,0
DA:176,0
DA:182,0
DA:184,0
DA:185,0
DA:188,0
DA:189,0
DA:190,0
DA:191,0
DA:192,0
DA:193,0
DA:195,0
DA:201,0
DA:202,0
DA:203,0
DA:206,0
DA:207,0
DA:208,0
DA:209,0
DA:210,0
DA:211,0
DA:212,0
DA:213,0
DA:218,0
DA:220,0
DA:224,0
DA:225,0
DA:226,0
DA:227,0
DA:228,0
DA:229,0
DA:231,0
DA:233,0
DA:239,0
DA:243,0
DA:244,0
DA:247,0
DA:248,0
DA:249,0
DA:250,0
DA:251,0
DA:253,0
DA:254,0
DA:255,0
DA:256,0
DA:257,0
DA:258,0
DA:259,0
DA:263,0
DA:265,0
DA:271,0
DA:278,0
DA:282,0
DA:283,0
DA:284,0
DA:285,0
DA:286,0
DA:287,0
DA:291,0
DA:292,0
DA:295,0
DA:301,0
DA:304,0
DA:305,0
DA:308,0
DA:309,0
DA:310,0
DA:311,0
DA:312,0
DA:313,0
DA:314,0
DA:315,0
DA:316,0
LF:130
LH:0
end_of_record
SF:lib/services/firebase_options.dart
DA:24,0
DA:28,0
DA:29,0
DA:31,0
DA:33,0
DA:35,0
DA:36,0
DA:40,0
DA:41,0
DA:46,0
LF:10
LH:0
end_of_record
